[20:12:07] [ServerMain/INFO]: Environment: authHost='https://authserver.mojang.com', accountsHost='https://api.mojang.com', sessionHost='https://sessionserver.mojang.com', servicesHost='https://api.minecraftservices.com', name='PROD'
[20:12:10] [ServerMain/INFO]: Loaded 7 recipes
[20:12:10] [Server thread/INFO]: Starting minecraft server version 1.20.1
[20:12:10] [Server thread/WARN]: ****************************
[20:12:10] [Server thread/WARN]: YOU ARE RUNNING THIS SERVER AS AN ADMINISTRATIVE OR ROOT USER. THIS IS NOT ADVISED.
[20:12:10] [Server thread/WARN]: YOU ARE OPENING YOURSELF UP TO POTENTIAL RISKS WHEN DOING THIS.
[20:12:10] [Server thread/WARN]: FOR MORE INFORMATION, SEE https://madelinemiller.dev/blog/root-minecraft-server/
[20:12:10] [Server thread/WARN]: ****************************
[20:12:10] [Server thread/INFO]: Loading properties
[20:12:10] [Server thread/INFO]: This server is running Purpur version git-Purpur-2062 (MC: 1.20.1) (Implementing API version 1.20.1-R0.1-SNAPSHOT) (Git: f6fd5f6 on HEAD)
[20:12:11] [Server thread/INFO]: Server Ping Player Sample Count: 12
[20:12:11] [Server thread/INFO]: Using 4 threads for Netty based IO
[20:12:11] [Server thread/INFO]: [ChunkTaskScheduler] Chunk system is using 1 I/O threads, 3 worker threads, and gen parallelism of 3 threads
[20:12:12] [Server thread/WARN]: [Pufferfish] Will not enable SIMD! These optimizations are only safely supported on Java 17, Java 18, and Java 19.
[20:12:12] [Server thread/INFO]: Default game type: SURVIVAL
[20:12:12] [Server thread/INFO]: Generating keypair
[20:12:12] [Server thread/INFO]: Starting Minecraft server on *:25565
[20:12:12] [Server thread/INFO]: Using epoll channel type
[20:12:12] [Server thread/INFO]: Paper: Using libdeflate (Linux x86_64) compression from Velocity.
[20:12:12] [Server thread/INFO]: Paper: Using OpenSSL 3.0.x (Linux x86_64) cipher from Velocity.
[20:12:12] [Server thread/INFO]: [spark] Loading server plugin spark v1.10.138
[20:12:12] [Server thread/INFO]: [WorldEdit] Loading server plugin WorldEdit v7.3.1+6763-2e55f4f
[20:12:13] [Server thread/INFO]: Got request to register class com.sk89q.worldedit.bukkit.BukkitServerInterface with WorldEdit [com.sk89q.worldedit.extension.platform.PlatformManager@493c4c74]
[20:12:13] [Server thread/INFO]: [voicechat] Loading server plugin voicechat v2.5.30
[20:12:13] [Server thread/INFO]: Server permissions file permissions.yml is empty, ignoring it
[20:12:13] [Server thread/INFO]: [WorldEdit] Enabling WorldEdit v7.3.1+6763-2e55f4f
[20:12:13] [Server thread/INFO]: Registering commands with com.sk89q.worldedit.bukkit.BukkitServerInterface
[20:12:13] [Server thread/INFO]: WEPIF: Using the Bukkit Permissions API.
[20:12:13] [Server thread/INFO]: Using com.sk89q.worldedit.bukkit.adapter.impl.v1_20_R1.PaperweightAdapter as the Bukkit adapter
[20:12:14] [Server thread/WARN]: **** SERVER IS RUNNING IN OFFLINE/INSECURE MODE!
[20:12:14] [Server thread/WARN]: The server will make no attempt to authenticate usernames. Beware.
[20:12:14] [Server thread/WARN]: While this makes the game possible to play without internet access, it also opens up the ability for hackers to connect with any username they choose.
[20:12:14] [Server thread/WARN]: To change this, set "online-mode" to "true" in the server.properties file.
[20:12:14] [Server thread/INFO]: Preparing level "world"
[20:12:15] [Server thread/INFO]: Preparing start region for dimension minecraft:overworld
[20:12:15] [Server thread/INFO]: Time elapsed: 320 ms
[20:12:15] [Server thread/INFO]: Preparing start region for dimension minecraft:the_end
[20:12:15] [Server thread/INFO]: Time elapsed: 34 ms
[20:12:15] [Server thread/INFO]: [spark] Enabling spark v1.10.138
[20:12:16] [Server thread/INFO]: [spark] Using Paper ServerTickStartEvent for tick monitoring
[20:12:16] [Server thread/INFO]: [spark] Starting background profiler...
[20:12:16] [Server thread/INFO]: [voicechat] Enabling voicechat v2.5.30
[20:12:16] [Server thread/INFO]: [voicechat] Initializing compatibility for version 1.20.1-R0.1
[20:12:16] [Server thread/INFO]: [voicechat] Compatibility version 18
[20:12:16] [Server thread/INFO]: [voicechat] Successfully initialized commodore command completion
[20:12:16] [Server thread/INFO]: Running delayed init tasks
[20:12:16] [Server thread/INFO]: Done (6.440s)! For help, type "help"
[20:12:16] [Server thread/INFO]: [voicechat] Loading plugins
[20:12:16] [Server thread/INFO]: [voicechat] Loaded 0 plugin(s)
[20:12:16] [Server thread/INFO]: [voicechat] Initializing plugins
[20:12:16] [Server thread/INFO]: [voicechat] Initialized 0 plugin(s)
[20:12:16] [Server thread/WARN]: [voicechat] Running in offline mode - Voice chat encryption is not secure!
[20:12:16] [VoiceChatServerThread/INFO]: [voicechat] Voice chat server started at port 24454
[20:14:10] [User Authenticator #0/INFO]: UUID of player RyanLM4 is f1cf6f2e-9f39-3f13-8da0-93c24bbd1b53
[20:14:10] [Server thread/INFO]: RyanLM4 joined the game
[20:14:10] [Server thread/INFO]: RyanLM4[/172.18.0.1:50032] logged in with entity id 170 at ([world]-123.65339593290588, 77.3738038039207, -16.492492699074532)
[20:14:11] [Server thread/INFO]: [voicechat] Received secret request of RyanLM4 (18)
[20:14:11] [Server thread/INFO]: [voicechat] Sent secret to RyanLM4
[20:14:11] [VoiceChatPacketProcessingThread/INFO]: [voicechat] Successfully authenticated player f1cf6f2e-9f39-3f13-8da0-93c24bbd1b53
[20:14:12] [VoiceChatPacketProcessingThread/INFO]: [voicechat] Successfully validated connection of player f1cf6f2e-9f39-3f13-8da0-93c24bbd1b53
[20:14:12] [VoiceChatPacketProcessingThread/INFO]: [voicechat] Player RyanLM4 (f1cf6f2e-9f39-3f13-8da0-93c24bbd1b53) successfully connected to voice chat
[20:14:13] [Server thread/INFO]: RyanLM4 issued server command: /kill
[20:14:13] [Server thread/INFO]: RyanLM4 was killed
[20:14:13] [Server thread/INFO]: [RyanLM4: Killed RyanLM4]
[20:14:17] [Server thread/INFO]: RyanLM4 issued server command: /gamemode survival
[20:14:17] [Server thread/INFO]: [RyanLM4: Set own game mode to Survival Mode]
[20:14:38] [Server thread/INFO]: RyanLM4 issued server command: /gamemode creative
[20:14:38] [Server thread/INFO]: [RyanLM4: Set own game mode to Creative Mode]
